<?xml version="1.0" encoding="UTF-8"?>
<!-- Generated by org.testng.reporters.JUnitReportReporter -->
<testsuite hostname="DESKTOP-8F8KVB0" failures="0" tests="1" name="TestRunner" time="13.897" errors="0" timestamp="2021-12-01T12:42:33 IST" skipped="0">
  <testcase classname="TestRunner" name="login" time="13.897"/>
  <system-out/>
</testsuite> <!-- TestRunner -->
