<?xml version="1.0" encoding="UTF-8"?>
<!-- Generated by org.testng.reporters.JUnitReportReporter -->
<testsuite hostname="DESKTOP-8F8KVB0" failures="0" tests="1" name="Mavengit.MavenGitIntegration.TestRunner" time="8.379" errors="0" timestamp="2021-11-28T22:28:39 IST" skipped="0">
  <testcase classname="Mavengit.MavenGitIntegration.TestRunner" name="login" time="8.379"/>
  <system-out/>
</testsuite> <!-- Mavengit.MavenGitIntegration.TestRunner -->
